<?xml version="1.0" encoding="UTF-8"?>
<!-- Generated by org.testng.reporters.JUnitXMLReporter -->
<testsuite ignored="0" hostname="SunilKunwal" failures="0" tests="3" name="Default test" time="0.092" errors="0" timestamp="2024-05-08T17:30:39 IST">
  <testcase classname="JavaStream.Stream.JavaStreams" name="streamCollect" time="0.023"/>
  <testcase classname="JavaStream.Stream.JavaStreams" name="streamFilter" time="0.004"/>
  <testcase classname="JavaStream.Stream.JavaStreams" name="streamMap" time="0.012"/>
</testsuite> <!-- Default test -->
