<?xml version="1.0" encoding="UTF-8"?>
<testng-results ignored="0" total="1" passed="1" failed="0" skipped="0">
  <reporter-output>
  </reporter-output>
  <suite started-at="2024-05-08T13:53:58 IST" name="Default suite" finished-at="2024-05-08T13:53:58 IST" duration-ms="54">
    <groups>
    </groups>
    <test started-at="2024-05-08T13:53:58 IST" name="Default test" finished-at="2024-05-08T13:53:58 IST" duration-ms="54">
      <class name="JavaStream.Stream.JavaStreams">
        <test-method signature="regular()[pri:0, instance:JavaStream.Stream.JavaStreams@7722c3c3]" started-at="2024-05-08T13:53:58 IST" name="regular" finished-at="2024-05-08T13:53:58 IST" duration-ms="15" status="PASS">
          <reporter-output>
          </reporter-output>
        </test-method> <!-- regular -->
      </class> <!-- JavaStream.Stream.JavaStreams -->
    </test> <!-- Default test -->
  </suite> <!-- Default suite -->
</testng-results>
